<?xml version="1.0" encoding="UTF-8"?>
<testng-results skipped="0" failed="0" ignored="0" total="1" passed="1">
  <reporter-output>
  </reporter-output>
  <suite name="Default suite" duration-ms="25300" started-at="2022-07-27T13:01:28 IST" finished-at="2022-07-27T13:01:53 IST">
    <groups>
    </groups>
    <test name="Default test" duration-ms="25300" started-at="2022-07-27T13:01:28 IST" finished-at="2022-07-27T13:01:53 IST">
      <class name="maven.workingwithelements">
        <test-method status="PASS" signature="beforeTest()[pri:0, instance:maven.workingwithelements@18bf3d14]" name="beforeTest" is-config="true" duration-ms="8393" started-at="2022-07-27T13:01:28 IST" finished-at="2022-07-27T13:01:36 IST">
          <reporter-output>
          </reporter-output>
        </test-method> <!-- beforeTest -->
        <test-method status="PASS" signature="testcase4()[pri:0, instance:maven.workingwithelements@18bf3d14]" name="testcase4" duration-ms="12272" started-at="2022-07-27T13:01:36 IST" finished-at="2022-07-27T13:01:49 IST">
          <reporter-output>
          </reporter-output>
        </test-method> <!-- testcase4 -->
        <test-method status="PASS" signature="afterTest()[pri:0, instance:maven.workingwithelements@18bf3d14]" name="afterTest" is-config="true" duration-ms="4528" started-at="2022-07-27T13:01:49 IST" finished-at="2022-07-27T13:01:53 IST">
          <reporter-output>
          </reporter-output>
        </test-method> <!-- afterTest -->
      </class> <!-- maven.workingwithelements -->
    </test> <!-- Default test -->
  </suite> <!-- Default suite -->
</testng-results>
